<?xml version="1.0" encoding="UTF-8"?>
<!-- Generated by org.testng.reporters.JUnitXMLReporter -->
<testsuite ignored="0" hostname="LAPTOP-HRG65F26" failures="0" tests="1" name="Default test(failed)(failed)" time="0.069" errors="0" timestamp="2021-02-17T17:28:00 IST">
  <testcase classname="com.inetBanking.TestCases.BaseClass" name="@BeforeClass setup" time="-1.613563079994E9">
    <failure type="org.testng.TestNGException" message="
Parameter &amp;apos;browser&amp;apos; is required by BeforeClass on method setup but has not been marked @Optional or defined
in D:\Selenium-MySpace\inetBankingV1-LiveProject\test-output\testng-failed.xml">
      <![CDATA[org.testng.TestNGException: 
Parameter 'browser' is required by BeforeClass on method setup but has not been marked @Optional or defined
in D:\Selenium-MySpace\inetBankingV1-LiveProject\test-output\testng-failed.xml
at java.base/java.util.ArrayList.forEach(ArrayList.java:1511)
... Removed 22 stack frames]]>
    </failure>
  </testcase> <!-- @BeforeClass setup -->
  <testcase classname="com.inetBanking.TestCases.BaseClass" name="@AfterClass tearDown" time="-1.61356308004E9">
    <skipped/>
  </testcase> <!-- @AfterClass tearDown -->
  <testcase classname="com.inetBanking.TestCases.TC_AddCustomerTest_003" name="addNewCustome" time="0.0">
    <skipped/>
  </testcase> <!-- addNewCustome -->
</testsuite> <!-- Default test(failed)(failed) -->
